<?xml version="1.0" encoding="UTF-8"?>
<!-- Generated by org.testng.reporters.JUnitXMLReporter -->
<testsuite hostname="madhus-Air" ignored="0" name="Test" tests="5" failures="0" timestamp="24 Jan 2021 17:57:48 GMT" time="0.087" errors="0">
  <testcase name="PostJira10" time="0.014" classname="qaclickacademy.SeleniumTest"/>
  <testcase name="deletetwitter10" time="0.004" classname="qaclickacademy.SeleniumTest"/>
  <testcase name="PostJira" time="0.002" classname="qaclickacademy.RESTAPITest"/>
  <testcase name="IOSApps" time="0.004" classname="qaclickacademy.AppiumTest"/>
  <testcase name="NativeappAndhroid" time="0.003" classname="qaclickacademy.AppiumTest"/>
</testsuite> <!-- Test -->
