<?xml version="1.0" encoding="UTF-8"?>
<!-- Generated by org.testng.reporters.JUnitXMLReporter -->
<testsuite hostname="madhus-Air" ignored="0" name="Test" tests="3" failures="0" timestamp="2021-01-25T18:35:53 CET" time="0.058" errors="0">
  <testcase name="PostJira10" time="0.005" classname="qaclickacademy.SeleniumTest"/>
  <testcase name="deletetwitter10" time="0.001" classname="qaclickacademy.SeleniumTest"/>
  <testcase name="IOSApps" time="0.001" classname="qaclickacademy.AppiumTest"/>
</testsuite> <!-- Test -->
