<?xml version="1.0" encoding="UTF-8"?>
<testng-results skipped="0" failed="0" ignored="0" total="3" passed="3">
  <reporter-output>
  </reporter-output>
  <suite name="Suite" duration-ms="58" started-at="2021-01-25T18:35:53 CET" finished-at="2021-01-25T18:35:53 CET">
    <groups>
    </groups>
    <test name="Test" duration-ms="58" started-at="2021-01-25T18:35:53 CET" finished-at="2021-01-25T18:35:53 CET">
      <class name="qaclickacademy.AppiumTest">
        <test-method status="PASS" signature="IOSApps()[pri:0, instance:qaclickacademy.AppiumTest@210366b4]" name="IOSApps" duration-ms="1" started-at="2021-01-25T18:35:53 CET" finished-at="2021-01-25T18:35:53 CET">
          <reporter-output>
          </reporter-output>
        </test-method> <!-- IOSApps -->
      </class> <!-- qaclickacademy.AppiumTest -->
      <class name="qaclickacademy.SeleniumTest">
        <test-method status="PASS" signature="PostJira10()[pri:0, instance:qaclickacademy.SeleniumTest@335eadca]" name="PostJira10" duration-ms="5" started-at="2021-01-25T18:35:53 CET" finished-at="2021-01-25T18:35:53 CET">
          <reporter-output>
          </reporter-output>
        </test-method> <!-- PostJira10 -->
        <test-method status="PASS" signature="deletetwitter10()[pri:0, instance:qaclickacademy.SeleniumTest@335eadca]" name="deletetwitter10" duration-ms="1" started-at="2021-01-25T18:35:53 CET" finished-at="2021-01-25T18:35:53 CET">
          <reporter-output>
          </reporter-output>
        </test-method> <!-- deletetwitter10 -->
      </class> <!-- qaclickacademy.SeleniumTest -->
    </test> <!-- Test -->
  </suite> <!-- Suite -->
</testng-results>
