<?xml version="1.0" encoding="UTF-8"?>
<testsuite xmlns:xsi="http://www.w3.org/2001/XMLSchema-instance" xsi:noNamespaceSchemaLocation="https://maven.apache.org/surefire/maven-surefire-plugin/xsd/surefire-test-report-3.0.xsd" version="3.0" name="TestSuite" time="0.592" tests="3" errors="0" skipped="0" failures="0">
  <properties>
[...]
</properties>
  <testcase name="PostJira10" classname="qaclickacademy.SeleniumTest" time="0.008">
    <system-out><![CDATA[PostJira10
]]></system-out>
  </testcase>
  <testcase name="deletetwitter10" classname="qaclickacademy.SeleniumTest" time="0">
    <system-out><![CDATA[deletetwitter10
]]></system-out>
  </testcase>
  <testcase name="IOSApps" classname="qaclickacademy.AppiumTest" time="0.001">
    <system-out><![CDATA[IOSApps
]]></system-out>
  </testcase>
</testsuite>