<?xml version="1.0" encoding="UTF-8"?>
<testng-results skipped="0" failed="0" ignored="0" total="5" passed="5">
  <reporter-output>
  </reporter-output>
  <suite name="Suite" duration-ms="87" started-at="2021-01-24T17:57:48Z" finished-at="2021-01-24T17:57:48Z">
    <groups>
    </groups>
    <test name="Test" duration-ms="87" started-at="2021-01-24T17:57:48Z" finished-at="2021-01-24T17:57:48Z">
      <class name="qaclickacademy.AppiumTest">
        <test-method status="PASS" signature="IOSApps()[pri:0, instance:qaclickacademy.AppiumTest@f6c48ac]" name="IOSApps" duration-ms="4" started-at="2021-01-24T18:57:48Z" finished-at="2021-01-24T18:57:48Z">
          <reporter-output>
          </reporter-output>
        </test-method> <!-- IOSApps -->
        <test-method status="PASS" signature="NativeappAndhroid()[pri:0, instance:qaclickacademy.AppiumTest@f6c48ac]" name="NativeappAndhroid" duration-ms="3" started-at="2021-01-24T18:57:48Z" finished-at="2021-01-24T18:57:48Z">
          <reporter-output>
          </reporter-output>
        </test-method> <!-- NativeappAndhroid -->
      </class> <!-- qaclickacademy.AppiumTest -->
      <class name="qaclickacademy.RESTAPITest">
        <test-method status="PASS" signature="PostJira()[pri:0, instance:qaclickacademy.RESTAPITest@464bee09]" name="PostJira" duration-ms="2" started-at="2021-01-24T18:57:48Z" finished-at="2021-01-24T18:57:48Z">
          <reporter-output>
          </reporter-output>
        </test-method> <!-- PostJira -->
      </class> <!-- qaclickacademy.RESTAPITest -->
      <class name="qaclickacademy.SeleniumTest">
        <test-method status="PASS" signature="PostJira10()[pri:0, instance:qaclickacademy.SeleniumTest@146ba0ac]" name="PostJira10" duration-ms="14" started-at="2021-01-24T18:57:48Z" finished-at="2021-01-24T18:57:48Z">
          <reporter-output>
          </reporter-output>
        </test-method> <!-- PostJira10 -->
        <test-method status="PASS" signature="deletetwitter10()[pri:0, instance:qaclickacademy.SeleniumTest@146ba0ac]" name="deletetwitter10" duration-ms="4" started-at="2021-01-24T18:57:48Z" finished-at="2021-01-24T18:57:48Z">
          <reporter-output>
          </reporter-output>
        </test-method> <!-- deletetwitter10 -->
      </class> <!-- qaclickacademy.SeleniumTest -->
    </test> <!-- Test -->
  </suite> <!-- Suite -->
</testng-results>
